<?xml version="1.0" encoding="UTF-8"?>
<testsuite xmlns:xsi="http://www.w3.org/2001/XMLSchema-instance" xsi:noNamespaceSchemaLocation="https://maven.apache.org/surefire/maven-surefire-plugin/xsd/surefire-test-report-3.0.xsd" version="3.0" name="TestSuite" time="537.025" tests="26" errors="0" skipped="0" failures="0">
  <properties>
[...]
</properties>
  <testcase name="TC1_RegisterUser[Register.NewRegisterClass@50b1f030](1)" classname="Register.RegisterTest" time="17.538">
    <system-out><![CDATA[Test 1: This test is for testing different users through register and login actions.
It includes test cases: 1, 2, 3, 4, 5
Class 1: This class is for testing SignUp. Test cases 1,5
]]></system-out>
    <system-err><![CDATA[SLF4J(W): No SLF4J providers were found.
SLF4J(W): Defaulting to no-operation (NOP) logger implementation
SLF4J(W): See https://www.slf4j.org/codes.html#noProviders for further details.
Sept 15, 2025 5:33:53 PM org.openqa.selenium.devtools.CdpVersionFinder findNearestMatch
WARNING: Unable to find an exact match for CDP version 140, returning the closest version; found: 139; Please update to a Selenium version that supports CDP version 140
]]></system-err>
  </testcase>
  <testcase name="TC5_ExistRegister[Register.ExistRegisterClass@47b179d7](1)" classname="Register.RegisterTest" time="1.494"/>
  <testcase name="TC2_CorrectLogin[Login.LoginClass@60859f5a](1)" classname="Login.LoginTest" time="28.781">
    <system-out><![CDATA[Class 1 is Done
Class 2: This class is for testing Login. Test Cases: 2,3,4
]]></system-out>
    <system-err><![CDATA[Sept 15, 2025 5:34:28 PM org.openqa.selenium.devtools.CdpVersionFinder findNearestMatch
WARNING: Unable to find an exact match for CDP version 140, returning the closest version; found: 139; Please update to a Selenium version that supports CDP version 140
]]></system-err>
  </testcase>
  <testcase name="TC3_InCorrectLogin[Login.LoginClass@1e977098](1)" classname="Login.LoginTest" time="1.816"/>
  <testcase name="TC4_LogoutUser[Login.LoginClass@10b687f2](1)" classname="Login.LoginTest" time="14.966"/>
  <testcase name="TC10_HomeSubscription[Home.SubscribeClass@3c232051](1)" classname="Home.HomeTest" time="1.063">
    <system-out><![CDATA[Class 2 is Done
Test 1 is Done
Test 2: This test is for testing different actions on home page and navigation buttons.
It includes test cases: 6, 7, 10, 11, 25, 26.
Class 1: This class is for testing small actions related to home page like subscribe and scroll. Test cases 10,25,26
]]></system-out>
    <system-err><![CDATA[Sept 15, 2025 5:35:37 PM org.openqa.selenium.devtools.CdpVersionFinder findNearestMatch
WARNING: Unable to find an exact match for CDP version 140, returning the closest version; found: 139; Please update to a Selenium version that supports CDP version 140
]]></system-err>
  </testcase>
  <testcase name="TC25_ArrowScrollUp" classname="Home.HomeTest" time="1.177"/>
  <testcase name="TC26_ScrollUp" classname="Home.HomeTest" time="1.231"/>
  <testcase name="TC11_CartSubscription[Home.SubscribeClass@6cc64028](1)" classname="Home.NavigationTest" time="2.444">
    <system-out><![CDATA[Class 1 is Done
Class 2: This class is for testing actions related to other pages on the navigation bar. Test cases 6,7,11
]]></system-out>
    <system-err><![CDATA[Sept 15, 2025 5:35:58 PM org.openqa.selenium.devtools.CdpVersionFinder findNearestMatch
WARNING: Unable to find an exact match for CDP version 140, returning the closest version; found: 139; Please update to a Selenium version that supports CDP version 140
]]></system-err>
  </testcase>
  <testcase name="TC6_ContactUsForm[Home.ContactUsClass@595f9916](1)" classname="Home.NavigationTest" time="6.669"/>
  <testcase name="TC7_TestCasesPage" classname="Home.NavigationTest" time="1.946"/>
  <testcase name="T20_SearchProductsLogin[Products.ProductsClass@7bede4ea](1)" classname="Products.ProductsTest" time="27.886">
    <system-out><![CDATA[Class 2 is Done.
Test 2 is Done
Test 3: This test is for testing different products-related actions on both home and products pages.
It includes test cases: 8, 9, 12, 13, 17, 18, 19, 20, 21, 22.
Class 1: This class is for testing actions related to products on the all products page. Test cases 8,9,12,19,20,21
]]></system-out>
    <system-err><![CDATA[Sept 15, 2025 5:36:26 PM org.openqa.selenium.devtools.CdpVersionFinder findNearestMatch
WARNING: Unable to find an exact match for CDP version 140, returning the closest version; found: 139; Please update to a Selenium version that supports CDP version 140
]]></system-err>
  </testcase>
  <testcase name="T21_AddReview" classname="Products.ProductsTest" time="8.53">
    <system-err><![CDATA[Sept 15, 2025 5:37:02 PM org.openqa.selenium.devtools.CdpVersionFinder findNearestMatch
WARNING: Unable to find an exact match for CDP version 140, returning the closest version; found: 139; Please update to a Selenium version that supports CDP version 140
]]></system-err>
  </testcase>
  <testcase name="TC12_AddProductsToCart" classname="Products.ProductsTest" time="11.91">
    <system-err><![CDATA[Sept 15, 2025 5:37:19 PM org.openqa.selenium.devtools.CdpVersionFinder findNearestMatch
WARNING: Unable to find an exact match for CDP version 140, returning the closest version; found: 139; Please update to a Selenium version that supports CDP version 140
]]></system-err>
  </testcase>
  <testcase name="TC19_BrandProducts" classname="Products.ProductsTest" time="8.907">
    <system-err><![CDATA[Sept 15, 2025 5:37:40 PM org.openqa.selenium.devtools.CdpVersionFinder findNearestMatch
WARNING: Unable to find an exact match for CDP version 140, returning the closest version; found: 139; Please update to a Selenium version that supports CDP version 140
]]></system-err>
  </testcase>
  <testcase name="TC8_ProductDetails" classname="Products.ProductsTest" time="7.859">
    <system-err><![CDATA[Sept 15, 2025 5:37:58 PM org.openqa.selenium.devtools.CdpVersionFinder findNearestMatch
WARNING: Unable to find an exact match for CDP version 140, returning the closest version; found: 139; Please update to a Selenium version that supports CDP version 140
]]></system-err>
  </testcase>
  <testcase name="TC9_SearchProducts[Products.ProductsClass@7bede4ea](1)" classname="Products.ProductsTest" time="13.433">
    <system-err><![CDATA[Sept 15, 2025 5:38:14 PM org.openqa.selenium.devtools.CdpVersionFinder findNearestMatch
WARNING: Unable to find an exact match for CDP version 140, returning the closest version; found: 139; Please update to a Selenium version that supports CDP version 140
]]></system-err>
  </testcase>
  <testcase name="TC13_ProductQuantiy" classname="Products.HomeProductsTest" time="5.486">
    <system-out><![CDATA[Class 1 is Done
Class 2: This class is for testing actions related to products on the home page. Test cases 13,17,18,22
]]></system-out>
    <system-err><![CDATA[Sept 15, 2025 5:38:36 PM org.openqa.selenium.devtools.CdpVersionFinder findNearestMatch
WARNING: Unable to find an exact match for CDP version 140, returning the closest version; found: 139; Please update to a Selenium version that supports CDP version 140
]]></system-err>
  </testcase>
  <testcase name="TC17_RemoveProductsFromCart" classname="Products.HomeProductsTest" time="7.189">
    <system-err><![CDATA[Sept 15, 2025 5:38:49 PM org.openqa.selenium.devtools.CdpVersionFinder findNearestMatch
WARNING: Unable to find an exact match for CDP version 140, returning the closest version; found: 139; Please update to a Selenium version that supports CDP version 140
]]></system-err>
  </testcase>
  <testcase name="TC18_CategoryProducts" classname="Products.HomeProductsTest" time="6.677">
    <system-err><![CDATA[Sept 15, 2025 5:39:05 PM org.openqa.selenium.devtools.CdpVersionFinder findNearestMatch
WARNING: Unable to find an exact match for CDP version 140, returning the closest version; found: 139; Please update to a Selenium version that supports CDP version 140
]]></system-err>
  </testcase>
  <testcase name="TC22_RecommendedItems" classname="Products.HomeProductsTest" time="23.812">
    <system-err><![CDATA[Sept 15, 2025 5:39:20 PM org.openqa.selenium.devtools.CdpVersionFinder findNearestMatch
WARNING: Unable to find an exact match for CDP version 140, returning the closest version; found: 139; Please update to a Selenium version that supports CDP version 140
]]></system-err>
  </testcase>
  <testcase name="TC14_RegisterAfterCheckout[Checkout.PaymentClass@45f70f68](1)" classname="Checkout.CheckoutTest" time="29.486">
    <system-out><![CDATA[Class 2 is Done
Test 3 is Done
Test 4: This test is for testing different checkout actions.
It includes test cases: 14, 15, 16, 23, 24.
]]></system-out>
    <system-err><![CDATA[Sept 15, 2025 5:39:51 PM org.openqa.selenium.devtools.CdpVersionFinder findNearestMatch
WARNING: Unable to find an exact match for CDP version 140, returning the closest version; found: 139; Please update to a Selenium version that supports CDP version 140
]]></system-err>
  </testcase>
  <testcase name="TC15_RegisterBeforeCheckout[Checkout.PaymentClass@45f70f68](1)" classname="Checkout.CheckoutTest" time="31.154"/>
  <testcase name="TC16_LoginBeforeCheckout[Checkout.PaymentClass@45f70f68](1)" classname="Checkout.CheckoutTest" time="31.217"/>
  <testcase name="TC23_VerifyAddressDetails[Register.NewRegisterClass@667713c4](1)" classname="Checkout.CheckoutTest" time="20.725"/>
  <testcase name="TC24_DownloadInvoice[Checkout.PaymentClass@45f70f68](1)" classname="Checkout.CheckoutTest" time="33.213"/>
</testsuite>