<?xml version="1.0" encoding="UTF-8"?>
<testsuite xmlns:xsi="http://www.w3.org/2001/XMLSchema-instance" xsi:noNamespaceSchemaLocation="https://maven.apache.org/surefire/maven-surefire-plugin/xsd/surefire-test-report-3.0.xsd" version="3.0" name="Checkout.CheckoutTest" time="163.183" tests="5" errors="0" skipped="0" failures="0">
  <properties>
[...]
</properties>
  <testcase name="TC14_RegisterAfterCheckout[Checkout.PaymentClass@436390f4](1)" classname="Checkout.CheckoutTest" time="29.081">
    <system-out><![CDATA[Test 4: This test is for testing different checkout actions.
It includes test cases: 14, 15, 16, 23, 24.
]]></system-out>
    <system-err><![CDATA[SLF4J(W): No SLF4J providers were found.
SLF4J(W): Defaulting to no-operation (NOP) logger implementation
SLF4J(W): See https://www.slf4j.org/codes.html#noProviders for further details.
Sept 13, 2025 11:17:16 PM org.openqa.selenium.devtools.CdpVersionFinder findNearestMatch
WARNING: Unable to find an exact match for CDP version 140, returning the closest version; found: 139; Please update to a Selenium version that supports CDP version 140
]]></system-err>
  </testcase>
  <testcase name="TC15_RegisterBeforeCheckout[Checkout.PaymentClass@436390f4](1)" classname="Checkout.CheckoutTest" time="25.667"/>
  <testcase name="TC16_LoginBeforeCheckout[Checkout.PaymentClass@436390f4](1)" classname="Checkout.CheckoutTest" time="32.235"/>
  <testcase name="TC23_VerifyAddressDetails[Register.NewRegisterClass@9729a97](1)" classname="Checkout.CheckoutTest" time="19.449"/>
  <testcase name="TC24_DownloadInvoice[Checkout.PaymentClass@436390f4](1)" classname="Checkout.CheckoutTest" time="28.92"/>
</testsuite>