<?xml version="1.0" encoding="UTF-8"?>
<!-- Generated by org.testng.reporters.JUnitXMLReporter -->
<testsuite ignored="0" hostname="Mariams-MacBook-Pro.local" failures="0" tests="5" name="Surefire test" time="161.957" errors="0" timestamp="2025-09-13T23:19:54 EEST">
  <testcase classname="Checkout.CheckoutTest" name="TC14_RegisterAfterCheckout" time="29.063"/>
  <testcase classname="Checkout.CheckoutTest" name="TC15_RegisterBeforeCheckout" time="25.667"/>
  <testcase classname="Checkout.CheckoutTest" name="TC16_LoginBeforeCheckout" time="32.232"/>
  <testcase classname="Checkout.CheckoutTest" name="TC23_VerifyAddressDetails" time="19.442"/>
  <testcase classname="Checkout.CheckoutTest" name="TC24_DownloadInvoice" time="28.918"/>
</testsuite> <!-- Surefire test -->
