<?xml version="1.0" encoding="UTF-8"?>
<!-- Generated by org.testng.reporters.JUnitXMLReporter -->
<testsuite ignored="0" hostname="Mariams-MacBook-Pro.local" failures="0" tests="10" name="Pack3-Products" time="205.555" errors="0" timestamp="2025-09-15T17:39:49 EEST">
  <testcase classname="Products.ProductsTest" name="T20_SearchProductsLogin" time="27.878"/>
  <testcase classname="Products.ProductsTest" name="T21_AddReview" time="8.53"/>
  <testcase classname="Products.ProductsTest" name="TC12_AddProductsToCart" time="11.909"/>
  <testcase classname="Products.ProductsTest" name="TC19_BrandProducts" time="8.906"/>
  <testcase classname="Products.ProductsTest" name="TC8_ProductDetails" time="7.857"/>
  <testcase classname="Products.ProductsTest" name="TC9_SearchProducts" time="13.432"/>
  <testcase classname="Products.HomeProductsTest" name="TC13_ProductQuantiy" time="5.485"/>
  <testcase classname="Products.HomeProductsTest" name="TC17_RemoveProductsFromCart" time="7.188"/>
  <testcase classname="Products.HomeProductsTest" name="TC18_CategoryProducts" time="6.674"/>
  <testcase classname="Products.HomeProductsTest" name="TC22_RecommendedItems" time="23.811"/>
</testsuite> <!-- Pack3-Products -->
