<?xml version="1.0" encoding="UTF-8"?>
<!-- Generated by org.testng.reporters.JUnitXMLReporter -->
<testsuite ignored="0" hostname="Mariams-MacBook-Pro.local" failures="0" tests="5" name="Pack1-Register" time="163.164" errors="0" timestamp="2025-09-02T18:46:04 EEST">
  <testcase classname="Register.RegisterClass" name="TC1_RegisterUser" time="20.765"/>
  <testcase classname="Register.RegisterClass" name="TC2_CorrectLogin" time="20.864"/>
  <testcase classname="Register.RegisterClass" name="TC3_InCorrectLogin" time="2.148"/>
  <testcase classname="Register.RegisterClass" name="TC4_LogoutUser" time="5.864"/>
  <testcase classname="Register.RegisterClass" name="TC5_ExistRegister" time="2.112"/>
</testsuite> <!-- Pack1-Register -->
