<?xml version="1.0" encoding="UTF-8"?>
<!-- Generated by org.testng.reporters.JUnitXMLReporter -->
<testsuite ignored="0" hostname="Mariams-MacBook-Pro.local" failures="0" tests="6" name="Pack2-Home" time="49.387" errors="0" timestamp="2025-09-15T17:36:23 EEST">
  <testcase classname="Home.HomeTest" name="TC10_HomeSubscription" time="1.062"/>
  <testcase classname="Home.HomeTest" name="TC25_ArrowScrollUp" time="1.174"/>
  <testcase classname="Home.HomeTest" name="TC26_ScrollUp" time="1.231"/>
  <testcase classname="Home.NavigationTest" name="TC11_CartSubscription" time="2.442"/>
  <testcase classname="Home.NavigationTest" name="TC6_ContactUsForm" time="6.668"/>
  <testcase classname="Home.NavigationTest" name="TC7_TestCasesPage" time="1.944"/>
</testsuite> <!-- Pack2-Home -->
