<?xml version="1.0" encoding="UTF-8"?>
<!-- Generated by org.testng.reporters.JUnitXMLReporter -->
<testsuite ignored="0" hostname="Mariams-MacBook-Pro.local" failures="0" tests="5" name="Pack4-Checkout" time="169.59" errors="0" timestamp="2025-09-15T17:42:39 EEST">
  <testcase classname="Checkout.CheckoutTest" name="TC14_RegisterAfterCheckout" time="29.484"/>
  <testcase classname="Checkout.CheckoutTest" name="TC15_RegisterBeforeCheckout" time="31.153"/>
  <testcase classname="Checkout.CheckoutTest" name="TC16_LoginBeforeCheckout" time="31.214"/>
  <testcase classname="Checkout.CheckoutTest" name="TC23_VerifyAddressDetails" time="20.724"/>
  <testcase classname="Checkout.CheckoutTest" name="TC24_DownloadInvoice" time="33.207"/>
</testsuite> <!-- Pack4-Checkout -->
