<?xml version="1.0" encoding="UTF-8"?>
<!-- Generated by org.testng.reporters.JUnitXMLReporter -->
<testsuite ignored="0" hostname="Mariams-MacBook-Pro.local" failures="0" tests="4" name="Pack2-navbuttons" time="51.632" errors="0" timestamp="2025-09-02T19:36:43 EEST">
  <testcase classname="Home.HomeClass" name="TC10_HomeSubscription" time="1.55"/>
  <testcase classname="Home.NavigationClass" name="TC11_CartSubscription" time="2.064"/>
  <testcase classname="Home.NavigationClass" name="TC6_ContactUsForm" time="10.134"/>
  <testcase classname="Home.NavigationClass" name="TC7_TestCasesPage" time="1.138"/>
</testsuite> <!-- Pack2-navbuttons -->
