<?xml version="1.0" encoding="UTF-8"?>
<!-- Generated by org.testng.reporters.JUnitXMLReporter -->
<testsuite ignored="0" hostname="Mariams-MacBook-Pro.local" failures="0" tests="5" name="Pack1-Users" time="110.419" errors="0" timestamp="2025-09-15T17:35:34 EEST">
  <testcase classname="Register.RegisterTest" name="TC1_RegisterUser" time="17.513"/>
  <testcase classname="Register.RegisterTest" name="TC5_ExistRegister" time="1.493"/>
  <testcase classname="Login.LoginTest" name="TC2_CorrectLogin" time="28.78"/>
  <testcase classname="Login.LoginTest" name="TC3_InCorrectLogin" time="1.816"/>
  <testcase classname="Login.LoginTest" name="TC4_LogoutUser" time="14.965"/>
</testsuite> <!-- Pack1-Users -->
